Starting daemon...
Logging mask restored/initialized to: 255
Keyboard path initialized: /dev/input/by-id/usb-Corsair_CORSAIR_K100_RGB_Optical-Mechanical_Gaming_Keyboard_502A81D24AAA7CC6-event-kbd
Mouse path initialized: /dev/input/event8
Keyboard device opened: /dev/input/by-id/usb-Corsair_CORSAIR_K100_RGB_Optical-Mechanical_Gaming_Keyboard_502A81D24AAA7CC6-event-kbd (fd=7)
Socket listening on: /tmp/automatelinux-daemon.sock
[START setKeyboard] Enable
Enabling keyboard: /dev/input/by-id/usb-Corsair_CORSAIR_K100_RGB_Optical-Mechanical_Gaming_Keyboard_502A81D24AAA7CC6-event-kbd
InputMapper: Keyboard grabbed successfully
InputMapper loop starting...
Client connected: FD=12 PID=294505 UID=1000
[Network] Received command: {"command":"shouldLog","enable":"255"}
Client connected: FD=12 PID=294507 UID=1000
[Chrome] Received command: {"command":"setActiveTabUrl","url":"https://chrome-tag-test.com"}
[Chrome] Active tab changed to: https://chrome-tag-test.com
Context updated: App=[CHROME] URL=[https://chrome-tag-test.com] Title=[]
Client connected: FD=12 PID=294509 UID=1000
[Terminal] Received command: {"command":"updateDirHistory","pwd":"/home/yaniv","tty":0}
Client connected: FD=12 PID=294511 UID=1000
[Window] Received command: {"command":"activeWindowChanged","windowId":1,"windowTitle":"window-tag-test","wmClass":"test"}
Daemon shutting down.
InputMapper: Stopping...
InputMapper: Joining thread...
InputMapper: Thread joined
InputMapper: Stopped
